A D/arch////
A D/bioctl////
A D/cat////
A D/ccdconfig////
A D/chmod////
A D/chroot////
A D/cp////
A D/date////
A D/dd////
A D/df////
A D/dhclient////
A D/disklabel////
A D/disknames////
A D/dmesg////
A D/ed////
A D/eeprom////
A D/encrypt////
A D/expr////
A D/fdisk////
A D/fsck////
A D/fsck_ext2fs////
A D/fsck_ffs////
A D/fsck_msdos////
A D/ftp////
A D/grep////
A D/gzip////
A D/hostname////
A D/ifconfig////
A D/init////
A D/installboot////
A D/kbd////
A D/ksh////
A D/less////
A D/libstubs////
A D/ln////
A D/ls////
A D/md5////
A D/mkdir////
A D/mknod////
A D/mkuboot////
A D/more////
A D/mount////
A D/mount_cd9660////
A D/mount_ext2fs////
A D/mount_ffs////
A D/mount_msdos////
A D/mount_nfs////
A D/mount_udf////
A D/mt////
A D/mv////
A D/newfs////
A D/newfs_ext2fs////
A D/newfs_msdos////
A D/pax////
A D/pdisk////
A D/ping////
A D/ping6////
A D/pppd////
A D/pwd_mkdb////
A D/reboot////
A D/restore////
A D/rm////
A D/route////
A D/rsh////
A D/sed////
A D/sha256////
A D/signify////
A D/sleep////
A D/stty////
A D/sync////
A D/sysctl////
A D/umount////
A D/ztsscale////
R D/sha256////
R D/rsh////
R D/pppd////
R D/less////
R D/expr////
R D/disknames////
R D/ccdconfig////
