A D/aead////
A D/aeswrap////
A D/asn1////
A D/base64////
A D/bf////
A D/bio////
A D/bn////
A D/cast////
A D/chacha////
A D/cts128////
A D/des////
A D/dh////
A D/dsa////
A D/ec////
A D/ecdh////
A D/ecdsa////
A D/engine////
A D/evp////
A D/exp////
A D/gcm128////
A D/gost////
A D/hmac////
A D/idea////
A D/ige////
A D/md4////
A D/md5////
A D/mdc2////
A D/pbkdf2////
A D/pkcs7////
A D/poly1305////
A D/pqueue////
A D/rand////
A D/rc2////
A D/rc4////
A D/rmd////
A D/sha////
A D/sha1////
A D/sha2////
A D/sha256////
A D/sha512////
A D/utf8////
R D/sha////
R D/mdc2////
