A D/basename////
A D/bc////
A D/cap_mkdb////
A D/colrm////
A D/cvs////
A D/dc////
A D/diff////
A D/diff-patch////
A D/diff3////
A D/dirname////
A D/doas////
A D/file////
A D/fmt////
A D/ftp////
A D/grep////
A D/gzip////
A D/gzsig////
A D/libtool////
A D/m4////
A D/make////
A D/mandoc////
A D/mdoclint////
A D/openssl////
A D/patch////
A D/pcc////
A D/pkg-config////
A D/rcs////
A D/sdiff////
A D/sed////
A D/signify////
A D/sort////
A D/ssh////
A D/tail////
A D/tsort////
A D/ul////
A D/xargs////
A D/xlint////
R D/xlint////
R D/pcc////
R D/gzsig////
R D/diff-patch////
